\BOOKMARK [0][-]{chapter*.2}{\376\377\000F\000l\000a\000k\000e}{}% 1
\BOOKMARK [1][-]{section*.3}{\376\377\000I\000n\000p\000u\000t\000s}{chapter*.2}% 2
\BOOKMARK [1][-]{section*.12}{\376\377\000O\000u\000t\000p\000u\000t\000s}{chapter*.2}% 3
\BOOKMARK [0][-]{chapter*.30}{\376\377\000P\000a\000c\000k\000a\000g\000e\000s}{}% 4
\BOOKMARK [1][-]{section*.31}{\376\377\000T\000h\000e\000\040\000y\000u\000r\000r\000r\000i\000q\000-\000d\000o\000t\000f\000i\000l\000e\000s\000\040\000\050\000P\000D\000F\000\051\000\040\000d\000e\000r\000i\000v\000a\000t\000i\000o\000n}{chapter*.30}% 5
\BOOKMARK [1][-]{section*.32}{\376\377\000A\000d\000d\000i\000t\000i\000o\000n\000a\000l\000\040\000N\000o\000d\000e\000\040\000p\000a\000c\000k\000a\000g\000e\000s}{chapter*.30}% 6
\BOOKMARK [0][-]{chapter*.33}{\376\377\000M\000a\000c\000h\000i\000n\000e\000s}{}% 7
\BOOKMARK [1][-]{section*.34}{\376\377\000N\000i\000X\000P\000S}{chapter*.33}% 8
\BOOKMARK [1][-]{section*.37}{\376\377\000S\000R\000U\000X\000P\000S}{chapter*.33}% 9
\BOOKMARK [0][-]{chapter*.43}{\376\377\000M\000o\000d\000u\000l\000e\000s}{}% 10
\BOOKMARK [1][-]{section*.44}{\376\377\000L\000o\000c\000a\000t\000i\000o\000n}{chapter*.43}% 11
\BOOKMARK [1][-]{section*.45}{\376\377\000N\000i\000x\000O\000S}{chapter*.43}% 12
\BOOKMARK [1][-]{section*.47}{\376\377\000N\000i\000x}{chapter*.43}% 13
\BOOKMARK [1][-]{section*.48}{\376\377\000V\000i\000r\000t\000u\000a\000l\000i\000s\000a\000t\000i\000o\000n}{chapter*.43}% 14
\BOOKMARK [0][-]{chapter*.53}{\376\377\000S\000o\000f\000t\000w\000a\000r\000e\000\040\000c\000o\000n\000f\000i\000g\000u\000r\000a\000t\000i\000o\000n}{}% 15
\BOOKMARK [1][-]{section*.54}{\376\377\000A\000p\000p\000l\000i\000c\000a\000t\000i\000o\000n\000s}{chapter*.53}% 16
\BOOKMARK [1][-]{section*.57}{\376\377\000B\000a\000s\000h}{chapter*.53}% 17
\BOOKMARK [1][-]{section*.58}{\376\377\000b\000a\000t}{chapter*.53}% 18
\BOOKMARK [1][-]{section*.59}{\376\377\000B\000r\000o\000w\000s\000e\000r\000p\000a\000s\000s}{chapter*.53}% 19
\BOOKMARK [1][-]{section*.60}{\376\377\000b\000u\000g\000w\000a\000r\000r\000i\000o\000r}{chapter*.53}% 20
\BOOKMARK [1][-]{section*.61}{\376\377\000d\000i\000r\000e\000n\000v}{chapter*.53}% 21
\BOOKMARK [1][-]{section*.62}{\376\377\000D\000u\000n\000s\000t}{chapter*.53}% 22
\BOOKMARK [1][-]{section*.63}{\376\377\000E\000m\000a\000c\000s}{chapter*.53}% 23
\BOOKMARK [1][-]{section*.65}{\376\377\000F\000i\000r\000e\000f\000o\000x}{chapter*.53}% 24
\BOOKMARK [1][-]{section*.66}{\376\377\000f\000i\000s\000h}{chapter*.53}% 25
\BOOKMARK [1][-]{section*.69}{\376\377\000f\000z\000f}{chapter*.53}% 26
\BOOKMARK [1][-]{section*.70}{\376\377\000G\000i\000t}{chapter*.53}% 27
\BOOKMARK [1][-]{section*.72}{\376\377\000G\000P\000G}{chapter*.53}% 28
\BOOKMARK [1][-]{section*.73}{\376\377\000h\000t\000o\000p}{chapter*.53}% 29
\BOOKMARK [1][-]{section*.74}{\376\377\000j\000q}{chapter*.53}% 30
\BOOKMARK [1][-]{section*.75}{\376\377\000K\000e\000y\000b\000o\000a\000r\000d}{chapter*.53}% 31
\BOOKMARK [1][-]{section*.76}{\376\377\000k\000i\000t\000t\000y}{chapter*.53}% 32
\BOOKMARK [1][-]{section*.78}{\376\377\000m\000a\000n}{chapter*.53}% 33
\BOOKMARK [1][-]{section*.79}{\376\377\000r\000e\000b\000a\000r\0003}{chapter*.53}% 34
\BOOKMARK [1][-]{section*.80}{\376\377\000S\000t\000a\000r\000s\000h\000i\000p}{chapter*.53}% 35
\BOOKMARK [1][-]{section*.81}{\376\377\000T\000a\000s\000k\000w\000a\000r\000r\000i\000o\000r}{chapter*.53}% 36
\BOOKMARK [1][-]{section*.84}{\376\377\000x\000m\000o\000n\000a\000d}{chapter*.53}% 37
\BOOKMARK [0][-]{section*.86}{\376\377\000G\000l\000o\000s\000s\000a\000r\000y}{}% 38
\BOOKMARK [0][-]{section*.88}{\376\377\000A\000c\000r\000o\000n\000y\000m\000s}{}% 39
